\BOOKMARK [1][-]{section.1}{\376\377\000I\000n\000t\000r\000o\000d\000u\000c\000t\000i\000o\000n}{}% 1
\BOOKMARK [1][-]{section.2}{\376\377\000S\000i\000g\000n\000a\000l\000\040\000M\000o\000d\000e\000l\000\040\000a\000n\000d\000\040\000H\000i\000g\000h\000e\000r\000-\000O\000r\000d\000e\000r\000\040\000C\000u\000m\000u\000l\000a\000n\000t\000s}{}% 2
\BOOKMARK [2][-]{subsection.2.1}{\376\377\000A\000r\000r\000a\000y\000\040\000S\000i\000g\000n\000a\000l\000\040\000M\000o\000d\000e\000l}{section.2}% 3
\BOOKMARK [2][-]{subsection.2.2}{\376\377\000H\000i\000g\000h\000e\000r\000-\000O\000r\000d\000e\000r\000\040\000C\000u\000m\000u\000l\000a\000n\000t\000\040\000M\000a\000t\000r\000i\000x}{section.2}% 4
\BOOKMARK [1][-]{section.3}{\376\377\000C\000O\000P\000\040\000A\000l\000g\000o\000r\000i\000t\000h\000m\000\040\000F\000a\000m\000i\000l\000y}{}% 5
\BOOKMARK [2][-]{subsection.3.1}{\376\377\000S\000u\000b\000s\000p\000a\000c\000e\000\040\000C\000O\000P\000\040\000\050\000B\000a\000s\000e\000\040\000A\000l\000g\000o\000r\000i\000t\000h\000m\000\051}{section.3}% 6
\BOOKMARK [2][-]{subsection.3.2}{\376\377\000T\000e\000m\000p\000o\000r\000a\000l\000\040\000C\000O\000P\000\040\000\050\000T\000-\000C\000O\000P\000\051}{section.3}% 7
\BOOKMARK [2][-]{subsection.3.3}{\376\377\000S\000e\000q\000u\000e\000n\000t\000i\000a\000l\000\040\000D\000e\000f\000l\000a\000t\000i\000o\000n\000\040\000C\000O\000P\000\040\000\050\000S\000D\000-\000C\000O\000P\000\051}{section.3}% 8
\BOOKMARK [1][-]{section.4}{\376\377\000P\000h\000y\000s\000i\000c\000s\000-\000B\000a\000s\000e\000d\000\040\000G\000M\000-\000P\000H\000D\000\040\000F\000i\000l\000t\000e\000r\000\040\000f\000o\000r\000\040\000D\000O\000A\000\040\000T\000r\000a\000c\000k\000i\000n\000g}{}% 9
\BOOKMARK [2][-]{subsection.4.1}{\376\377\000R\000a\000n\000d\000o\000m\000\040\000F\000i\000n\000i\000t\000e\000\040\000S\000e\000t\000\040\000F\000o\000r\000m\000u\000l\000a\000t\000i\000o\000n}{section.4}% 10
\BOOKMARK [2][-]{subsection.4.2}{\376\377\000P\000h\000y\000s\000i\000c\000s\000-\000B\000a\000s\000e\000d\000\040\000P\000r\000e\000d\000i\000c\000t\040\023\000I\000d\000e\000n\000t\000i\000f\000y\040\023\000U\000p\000d\000a\000t\000e\000\040\000P\000i\000p\000e\000l\000i\000n\000e}{section.4}% 11
\BOOKMARK [1][-]{section.5}{\376\377\000C\000r\000a\000m\000\351\000r\040\023\000R\000a\000o\000\040\000L\000o\000w\000e\000r\000\040\000B\000o\000u\000n\000d}{}% 12
\BOOKMARK [2][-]{subsection.5.1}{\376\377\000S\000t\000a\000n\000d\000a\000r\000d\000\040\000\050\000C\000o\000v\000a\000r\000i\000a\000n\000c\000e\000-\000B\000a\000s\000e\000d\000\051\000\040\000C\000R\000L\000B}{section.5}% 13
\BOOKMARK [2][-]{subsection.5.2}{\376\377\000H\000i\000g\000h\000e\000r\000-\000O\000r\000d\000e\000r\000\040\000\050\000C\000O\000P\000\051\000\040\000C\000R\000L\000B}{section.5}% 14
\BOOKMARK [1][-]{section.6}{\376\377\000E\000x\000p\000e\000r\000i\000m\000e\000n\000t\000a\000l\000\040\000R\000e\000s\000u\000l\000t\000s}{}% 15
\BOOKMARK [2][-]{subsection.6.1}{\376\377\000E\000x\000p\000e\000r\000i\000m\000e\000n\000t\000\040\0001\000:\000\040\000U\000n\000d\000e\000r\000d\000e\000t\000e\000r\000m\000i\000n\000e\000d\000\040\000S\000o\000u\000r\000c\000e\000\040\000C\000a\000p\000a\000c\000i\000t\000y\000\040\000\050\000K\000\040\000S\000c\000a\000l\000i\000n\000g\000\051}{section.6}% 16
\BOOKMARK [2][-]{subsection.6.2}{\376\377\000E\000x\000p\000e\000r\000i\000m\000e\000n\000t\000\040\0002\000:\000\040\000S\000N\000R\000\040\000R\000o\000b\000u\000s\000t\000n\000e\000s\000s}{section.6}% 17
\BOOKMARK [2][-]{subsection.6.3}{\376\377\000E\000x\000p\000e\000r\000i\000m\000e\000n\000t\000\040\0003\000:\000\040\000A\000n\000g\000u\000l\000a\000r\000\040\000R\000e\000s\000o\000l\000u\000t\000i\000o\000n}{section.6}% 18
\BOOKMARK [2][-]{subsection.6.4}{\376\377\000E\000x\000p\000e\000r\000i\000m\000e\000n\000t\000\040\0004\000:\000\040\000S\000n\000a\000p\000s\000h\000o\000t\000\040\000E\000f\000f\000i\000c\000i\000e\000n\000c\000y}{section.6}% 19
\BOOKMARK [2][-]{subsection.6.5}{\376\377\000E\000x\000p\000e\000r\000i\000m\000e\000n\000t\000\040\0005\000:\000\040\000S\000D\000-\000C\000O\000P\000\040\000E\000x\000t\000e\000n\000d\000e\000d\000\040\000C\000a\000p\000a\000c\000i\000t\000y}{section.6}% 20
\BOOKMARK [2][-]{subsection.6.6}{\376\377\000E\000x\000p\000e\000r\000i\000m\000e\000n\000t\000\040\0006\000:\000\040\000M\000u\000l\000t\000i\000-\000T\000a\000r\000g\000e\000t\000\040\000T\000r\000a\000c\000k\000i\000n\000g\000\040\000w\000i\000t\000h\000\040\000B\000i\000r\000t\000h\000/\000D\000e\000a\000t\000h}{section.6}% 21
\BOOKMARK [2][-]{subsection.6.7}{\376\377\000E\000x\000p\000e\000r\000i\000m\000e\000n\000t\000\040\0007\000:\000\040\000T\000-\000C\000O\000P\000\040\000F\000e\000e\000d\000b\000a\000c\000k\000\040\000L\000o\000o\000p}{section.6}% 22
\BOOKMARK [2][-]{subsection.6.8}{\376\377\000E\000x\000p\000e\000r\000i\000m\000e\000n\000t\000\040\0008\000:\000\040\000M\000o\000v\000i\000n\000g\000\040\000T\000a\000r\000g\000e\000t\000\040\000T\000r\000a\000c\000k\000i\000n\000g\000\040\000w\000i\000t\000h\000\040\000C\000r\000o\000s\000s\000i\000n\000g\000s}{section.6}% 23
\BOOKMARK [2][-]{subsection.6.9}{\376\377\000C\000o\000m\000p\000u\000t\000a\000t\000i\000o\000n\000a\000l\000\040\000C\000o\000m\000p\000l\000e\000x\000i\000t\000y}{section.6}% 24
\BOOKMARK [1][-]{section.7}{\376\377\000C\000o\000n\000c\000l\000u\000s\000i\000o\000n}{}% 25
\BOOKMARK [1][-]{section*.10}{\376\377\000R\000e\000f\000e\000r\000e\000n\000c\000e\000s}{}% 26
